<?xml version="1.0" encoding="UTF-8"?>
<!-- Generated by org.testng.reporters.JUnitReportReporter -->
<testsuite hostname="CIPL-4PC21" failures="0" tests="1" name="com.cygnet.test.BasicElement" time="3.591" errors="0" timestamp="2022-04-12T16:12:33 IST" skipped="0">
  <testcase classname="com.cygnet.test.BasicElement" name="BasicForm" time="3.591"/>
  <system-out/>
</testsuite> <!-- com.cygnet.test.BasicElement -->
