<?xml version="1.0" encoding="UTF-8"?>
<!-- Generated by org.testng.reporters.JUnitReportReporter -->
<testsuite hostname="CIPL-4PC21" failures="0" tests="1" name="com.cygnet.test.Alert" time="10.401" errors="0" timestamp="2022-02-04T01:53:31 IST" skipped="0">
  <testcase classname="com.cygnet.test.Alert" name="performAlert" time="10.401"/>
  <system-out/>
</testsuite> <!-- com.cygnet.test.Alert -->
