<?xml version="1.0" encoding="UTF-8"?>
<!-- Generated by org.testng.reporters.JUnitReportReporter -->
<testsuite hostname="CIPL-4PC21" failures="0" tests="1" name="com.cygnet.test.HrinnovaLogin" time="58.235" errors="0" timestamp="2022-02-03T23:03:31 IST" skipped="0">
  <testcase classname="com.cygnet.test.HrinnovaLogin" name="CheckLogin" time="58.235"/>
  <system-out/>
</testsuite> <!-- com.cygnet.test.HrinnovaLogin -->
