<?xml version="1.0" encoding="UTF-8"?>
<!-- Generated by org.testng.reporters.JUnitReportReporter -->
<testsuite hostname="CIPL-4PC21" failures="0" tests="2" name="com.cygnet.testng1.Class1" time="0.017" errors="0" timestamp="2022-03-09T12:15:19 IST" skipped="0">
  <testcase classname="com.cygnet.testng1.Class1" name="test2" time="0.011"/>
  <system-out/>
  <testcase classname="com.cygnet.testng1.Class1" name="test1" time="0.006"/>
  <system-out/>
</testsuite> <!-- com.cygnet.testng1.Class1 -->
